2022-07-08T08:50:24.9555346 404 : [{"timestamp":"2022-07-08T12:50:24.930+00:00","status":404,"error":"Not Found","message":"No message available","path":"/tenmo_user"}]
2022-07-08T09:53:12.6730266 404 : [{"timestamp":"2022-07-08T13:53:12.644+00:00","status":404,"error":"Not Found","message":"No message available","path":"/tenmo_user"}]
2022-07-08T10:19:54.3904273 404 : [{"timestamp":"2022-07-08T14:19:54.364+00:00","status":404,"error":"Not Found","message":"No message available","path":"/1001"}]
2022-07-08T10:19:54.4073449 404 : [{"timestamp":"2022-07-08T14:19:54.403+00:00","status":404,"error":"Not Found","message":"No message available","path":"/1002"}]
2022-07-08T10:24:45.9805993 404 : [{"timestamp":"2022-07-08T14:24:45.915+00:00","status":404,"error":"Not Found","message":"No message available","path":"/1001"}]
2022-07-08T10:24:51.3950403 404 : [{"timestamp":"2022-07-08T14:24:51.391+00:00","status":404,"error":"Not Found","message":"No message available","path":"/1002"}]
2022-07-08T10:41:37.7600999 404 : [{"timestamp":"2022-07-08T14:41:37.736+00:00","status":404,"error":"Not Found","message":"No message available","path":"/1001"}]
2022-07-08T10:41:37.770862 404 : [{"timestamp":"2022-07-08T14:41:37.769+00:00","status":404,"error":"Not Found","message":"No message available","path":"/1002"}]
2022-07-08T10:51:07.7246401 404 : [{"timestamp":"2022-07-08T14:51:07.703+00:00","status":404,"error":"Not Found","message":"No message available","path":"/1001"}]
2022-07-08T10:51:07.7349491 404 : [{"timestamp":"2022-07-08T14:51:07.733+00:00","status":404,"error":"Not Found","message":"No message available","path":"/1002"}]
2022-07-08T11:00:42.8524218 404 : [{"timestamp":"2022-07-08T15:00:42.825+00:00","status":404,"error":"Not Found","message":"No message available","path":"/1001"}]
2022-07-08T11:00:42.8710572 404 : [{"timestamp":"2022-07-08T15:00:42.868+00:00","status":404,"error":"Not Found","message":"No message available","path":"/1002"}]
2022-07-08T11:01:49.1252235 404 : [{"timestamp":"2022-07-08T15:01:49.040+00:00","status":404,"error":"Not Found","message":"No message available","path":"/1001"}]
2022-07-08T11:01:59.2069891 404 : [{"timestamp":"2022-07-08T15:01:59.199+00:00","status":404,"error":"Not Found","message":"No message available","path":"/1002"}]
2022-07-08T09:47:14.8207398 400 : [{"timestamp":"2022-07-08T16:47:14.789+00:00","status":400,"error":"Bad Request","message":"Required request body is missing: public com.techelevator.tenmo.model.Account com.techelevator.tenmo.controller.AccountController.updateAccountById(int,com.techelevator.tenmo.model.Account)","path":"/account/2001"}]
2022-07-08T09:47:14.8401118 400 : [{"timestamp":"2022-07-08T16:47:14.838+00:00","status":400,"error":"Bad Request","message":"Required request body is missing: public com.techelevator.tenmo.model.Account com.techelevator.tenmo.controller.AccountController.updateAccountById(int,com.techelevator.tenmo.model.Account)","path":"/account/2002"}]
2022-07-08T09:49:39.6773038 400 : [{"timestamp":"2022-07-08T16:49:39.650+00:00","status":400,"error":"Bad Request","message":"Required request body is missing: public com.techelevator.tenmo.model.Account com.techelevator.tenmo.controller.AccountController.updateAccountById(int,com.techelevator.tenmo.model.Account)","path":"/account/1001"}]
2022-07-08T09:49:39.6987646 400 : [{"timestamp":"2022-07-08T16:49:39.697+00:00","status":400,"error":"Bad Request","message":"Required request body is missing: public com.techelevator.tenmo.model.Account com.techelevator.tenmo.controller.AccountController.updateAccountById(int,com.techelevator.tenmo.model.Account)","path":"/account/1002"}]
2022-07-08T13:01:13.5025448 404 : [{"timestamp":"2022-07-08T20:01:13.461+00:00","status":404,"error":"Not Found","message":"No message available","path":"/transfer/0"}]
2022-07-08T13:02:56.8034344 500 : [{"timestamp":"2022-07-08T20:02:56.715+00:00","status":500,"error":"Internal Server Error","message":"No message available","path":"/transfer/"}]
2022-07-08T13:06:07.4924435 500 : [{"timestamp":"2022-07-08T20:06:07.463+00:00","status":500,"error":"Internal Server Error","message":"No message available","path":"/transfer/"}]
2022-07-08T13:06:52.9417172 500 : [{"timestamp":"2022-07-08T20:06:52.903+00:00","status":500,"error":"Internal Server Error","message":"No message available","path":"/transfer/"}]
2022-07-08T13:07:25.7255154 500 : [{"timestamp":"2022-07-08T20:07:25.683+00:00","status":500,"error":"Internal Server Error","message":"No message available","path":"/transfer/"}]
2022-07-08T13:07:53.4618407 500 : [{"timestamp":"2022-07-08T20:07:53.431+00:00","status":500,"error":"Internal Server Error","message":"No message available","path":"/transfer/"}]
2022-07-08T13:15:42.6216158 401 : [no body]
2022-07-08T13:15:56.133078 500 : [{"timestamp":"2022-07-08T20:15:56.126+00:00","status":500,"error":"Internal Server Error","message":"No message available","path":"/transfer/"}]
2022-07-08T13:20:23.463285 500 : [{"timestamp":"2022-07-08T20:20:23.445+00:00","status":500,"error":"Internal Server Error","message":"No message available","path":"/transfer"}]
2022-07-08T13:22:30.0795408 500 : [{"timestamp":"2022-07-08T20:22:30.065+00:00","status":500,"error":"Internal Server Error","message":"No message available","path":"/transfer"}]
2022-07-08T13:25:35.7215184 500 : [{"timestamp":"2022-07-08T20:25:35.699+00:00","status":500,"error":"Internal Server Error","message":"No message available","path":"/transfer"}]
2022-07-08T13:31:11.2365604 500 : [{"timestamp":"2022-07-08T20:31:11.199+00:00","status":500,"error":"Internal Server Error","message":"No message available","path":"/transfer"}]
2022-07-08T13:47:54.7065811 500 : [{"timestamp":"2022-07-08T20:47:54.684+00:00","status":500,"error":"Internal Server Error","message":"No message available","path":"/transfer"}]
2022-07-08T13:55:20.320654 500 : [{"timestamp":"2022-07-08T20:54:55.714+00:00","status":500,"error":"Internal Server Error","message":"No message available","path":"/transfer"}]
2022-07-08T14:03:42.1718368 500 : [{"timestamp":"2022-07-08T20:57:35.134+00:00","status":500,"error":"Internal Server Error","message":"No message available","path":"/transfer"}]
2022-07-08T14:04:21.1483629 500 : [{"timestamp":"2022-07-08T21:04:21.119+00:00","status":500,"error":"Internal Server Error","message":"No message available","path":"/transfer"}]
